  [1m[35m (7.8ms)[0m  [1m[35mCREATE TABLE "schema_migrations" ("version" varchar NOT NULL PRIMARY KEY) /*application='MiApi'*/[0m
  [1m[35m (2.1ms)[0m  [1m[35mCREATE TABLE "ar_internal_metadata" ("key" varchar NOT NULL PRIMARY KEY, "value" varchar, "created_at" datetime(6) NOT NULL, "updated_at" datetime(6) NOT NULL) /*application='MiApi'*/[0m
  [1m[36mActiveRecord::InternalMetadata Load (1.5ms)[0m  [1m[34mSELECT * FROM "ar_internal_metadata" WHERE "ar_internal_metadata"."key" = 'environment' ORDER BY "ar_internal_metadata"."key" ASC LIMIT 1 /*application='MiApi'*/[0m
  [1m[36mActiveRecord::InternalMetadata Create (2.0ms)[0m  [1m[32mINSERT INTO "ar_internal_metadata" ("key", "value", "created_at", "updated_at") VALUES ('environment', 'development', '2025-02-19 21:14:11.194965', '2025-02-19 21:14:11.194971') RETURNING "key" /*application='MiApi'*/[0m
  [1m[36mActiveRecord::SchemaMigration Load (1.7ms)[0m  [1m[34mSELECT "schema_migrations"."version" FROM "schema_migrations" ORDER BY "schema_migrations"."version" ASC /*application='MiApi'*/[0m
Migrating to CreateLibros (20250219211249)
  [1m[36mTRANSACTION (2.0ms)[0m  [1m[35mBEGIN immediate TRANSACTION /*application='MiApi'*/[0m
  [1m[35m (5.2ms)[0m  [1m[35mCREATE TABLE "libros" ("id" integer PRIMARY KEY AUTOINCREMENT NOT NULL, "autor" varchar, "nombre" varchar, "precio" integer, "cantidad" integer, "created_at" datetime(6) NOT NULL, "updated_at" datetime(6) NOT NULL) /*application='MiApi'*/[0m
  [1m[36mActiveRecord::SchemaMigration Create (0.3ms)[0m  [1m[32mINSERT INTO "schema_migrations" ("version") VALUES ('20250219211249') RETURNING "version" /*application='MiApi'*/[0m
  [1m[36mTRANSACTION (44.6ms)[0m  [1m[35mCOMMIT TRANSACTION /*application='MiApi'*/[0m
  [1m[36mActiveRecord::SchemaMigration Load (2.8ms)[0m  [1m[34mSELECT "schema_migrations"."version" FROM "schema_migrations" ORDER BY "schema_migrations"."version" ASC /*application='MiApi'*/[0m
  [1m[36mTRANSACTION (1.2ms)[0m  [1m[35mBEGIN immediate TRANSACTION /*application='MiApi'*/[0m
  [1m[36mLibro Create (4.7ms)[0m  [1m[32mINSERT INTO "libros" ("autor", "nombre", "precio", "cantidad", "created_at", "updated_at") VALUES ('Jane AUsten', 'Orgullo y prejuicio', 55000, 5, '2025-02-19 21:17:49.310635', '2025-02-19 21:17:49.310635') RETURNING "id" /*application='MiApi'*/[0m
  [1m[36mTRANSACTION (18.6ms)[0m  [1m[35mCOMMIT TRANSACTION /*application='MiApi'*/[0m
  [1m[36mLibro Load (1.5ms)[0m  [1m[34mSELECT "libros".* FROM "libros" /* loading for pp */ LIMIT 11 /*application='MiApi'*/[0m
  [1m[36mLibro Load (0.8ms)[0m  [1m[34mSELECT "libros".* FROM "libros" WHERE "libros"."id" = 1 LIMIT 1 /*application='MiApi'*/[0m
  [1m[36mTRANSACTION (0.7ms)[0m  [1m[35mBEGIN immediate TRANSACTION /*application='MiApi'*/[0m
  [1m[36mLibro Destroy (2.0ms)[0m  [1m[31mDELETE FROM "libros" WHERE "libros"."id" = 1 /*application='MiApi'*/[0m
  [1m[36mTRANSACTION (1.4ms)[0m  [1m[35mCOMMIT TRANSACTION /*application='MiApi'*/[0m
  [1m[36mLibro Load (3.1ms)[0m  [1m[34mSELECT "libros".* FROM "libros" /* loading for pp */ LIMIT 11 /*application='MiApi'*/[0m
